c:\ml\myyolo2\build\darknet\release\vc141.pdb
c:\ml\myyolo2\build\darknet\release\activations.obj
c:\ml\myyolo2\build\darknet\release\yolo.obj
c:\ml\myyolo2\build\darknet\release\tag.obj
c:\ml\myyolo2\build\darknet\release\super.obj
c:\ml\myyolo2\build\darknet\release\segmenter.obj
c:\ml\myyolo2\build\darknet\release\rnn_vid.obj
c:\ml\myyolo2\build\darknet\release\rnn.obj
c:\ml\myyolo2\build\darknet\release\regressor.obj
c:\ml\myyolo2\build\darknet\release\nightmare.obj
c:\ml\myyolo2\build\darknet\release\lsd.obj
c:\ml\myyolo2\build\darknet\release\go.obj
c:\ml\myyolo2\build\darknet\release\detector.obj
c:\ml\myyolo2\build\darknet\release\darknet.obj
c:\ml\myyolo2\build\darknet\release\coco.obj
c:\ml\myyolo2\build\darknet\release\classifier.obj
c:\ml\myyolo2\build\darknet\release\cifar.obj
c:\ml\myyolo2\build\darknet\release\captcha.obj
c:\ml\myyolo2\build\darknet\release\attention.obj
c:\ml\myyolo2\build\darknet\release\art.obj
c:\ml\myyolo2\build\darknet\release\im2col.obj
c:\ml\myyolo2\build\darknet\release\gru_layer.obj
c:\ml\myyolo2\build\darknet\release\gemm.obj
c:\ml\myyolo2\build\darknet\release\dropout_layer.obj
c:\ml\myyolo2\build\darknet\release\detection_layer.obj
c:\ml\myyolo2\build\darknet\release\demo.obj
c:\ml\myyolo2\build\darknet\release\deconvolutional_layer.obj
c:\ml\myyolo2\build\darknet\release\data.obj
c:\ml\myyolo2\build\darknet\release\cuda.obj
c:\ml\myyolo2\build\darknet\release\crop_layer.obj
c:\ml\myyolo2\build\darknet\release\crnn_layer.obj
c:\ml\myyolo2\build\darknet\release\cost_layer.obj
c:\ml\myyolo2\build\darknet\release\convolutional_layer.obj
c:\ml\myyolo2\build\darknet\release\connected_layer.obj
c:\ml\myyolo2\build\darknet\release\col2im.obj
c:\ml\myyolo2\build\darknet\release\box.obj
c:\ml\myyolo2\build\darknet\release\blas.obj
c:\ml\myyolo2\build\darknet\release\batchnorm_layer.obj
c:\ml\myyolo2\build\darknet\release\avgpool_layer.obj
c:\ml\myyolo2\build\darknet\release\activation_layer.obj
c:\ml\myyolo2\build\darknet\release\utils.obj
c:\ml\myyolo2\build\darknet\release\tree.obj
c:\ml\myyolo2\build\darknet\release\softmax_layer.obj
c:\ml\myyolo2\build\darknet\release\shortcut_layer.obj
c:\ml\myyolo2\build\darknet\release\route_layer.obj
c:\ml\myyolo2\build\darknet\release\rnn_layer.obj
c:\ml\myyolo2\build\darknet\release\reorg_layer.obj
c:\ml\myyolo2\build\darknet\release\region_layer.obj
c:\ml\myyolo2\build\darknet\release\parser.obj
c:\ml\myyolo2\build\darknet\release\option_list.obj
c:\ml\myyolo2\build\darknet\release\normalization_layer.obj
c:\ml\myyolo2\build\darknet\release\network.obj
c:\ml\myyolo2\build\darknet\release\maxpool_layer.obj
c:\ml\myyolo2\build\darknet\release\matrix.obj
c:\ml\myyolo2\build\darknet\release\lstm_layer.obj
c:\ml\myyolo2\build\darknet\release\local_layer.obj
c:\ml\myyolo2\build\darknet\release\list.obj
c:\ml\myyolo2\build\darknet\release\layer.obj
c:\ml\myyolo2\build\darknet\release\image.obj
c:\ml\myyolo2\build\darknet\release\darknet_no_gpu_cv.ipdb
c:\ml\myyolo2\build\darknet\release\darknet_no_gpu_cv.iobj
c:\ml\myyolo2\build\darknet\release\darknet_no_gpu_cv.exe
c:\ml\myyolo2\build\darknet\release\darknet_no_gpu_cv.pdb
c:\ml\myyolo2\build\darknet\release\darknet_.621b3914.tlog\cl.command.1.tlog
c:\ml\myyolo2\build\darknet\release\darknet_.621b3914.tlog\cl.read.1.tlog
c:\ml\myyolo2\build\darknet\release\darknet_.621b3914.tlog\cl.write.1.tlog
c:\ml\myyolo2\build\darknet\release\darknet_.621b3914.tlog\darknet_no_gpu_cv.write.1u.tlog
c:\ml\myyolo2\build\darknet\release\darknet_.621b3914.tlog\link.command.1.tlog
c:\ml\myyolo2\build\darknet\release\darknet_.621b3914.tlog\link.read.1.tlog
c:\ml\myyolo2\build\darknet\release\darknet_.621b3914.tlog\link.write.1.tlog
